build/app/intermediates/manifest_merge_blame_file/debug/manifest-merger-blame-debug-report.txt
1<?xml version="1.0" encoding="utf-8"?>
2<manifest xmlns:android="http://schemas.android.com/apk/res/android"
3    package="com.company.Weebnet"
4    android:versionCode="1"
5    android:versionName="1.0.0" >
6
7    <uses-sdk
8        android:minSdkVersion="16"
9        android:targetSdkVersion="30" />
10    <!--
11         Flutter needs it to communicate with the running application
12         to allow setting breakpoints, to provide hot reload, etc.
13    -->
14    <uses-permission android:name="android.permission.INTERNET" />
14-->src\debug\AndroidManifest.xml:6:5-66
14-->src\debug\AndroidManifest.xml:6:22-64
15    <uses-permission android:name="android.permission.READ_EXTERNAL_STORAGE" />
15-->[:image_picker] AndroidManifest.xml:7:5-80
15-->[:image_picker] AndroidManifest.xml:7:22-77
16    <uses-permission android:name="android.permission.WRITE_EXTERNAL_STORAGE" />
16-->[:image_picker] AndroidManifest.xml:8:5-81
16-->[:image_picker] AndroidManifest.xml:8:22-78
17    <uses-permission android:name="android.permission.WAKE_LOCK" />
17-->[:firebase_messaging] AndroidManifest.xml:8:5-68
17-->[:firebase_messaging] AndroidManifest.xml:8:22-65
18    <uses-permission android:name="android.permission.ACCESS_NETWORK_STATE" /> <!-- Required by older versions of Google Play services to create IID tokens -->
18-->[:firebase_messaging] AndroidManifest.xml:9:5-79
18-->[:firebase_messaging] AndroidManifest.xml:9:22-76
19    <uses-permission android:name="com.google.android.c2dm.permission.RECEIVE" />
19-->[com.google.firebase:firebase-iid:21.0.1] AndroidManifest.xml:26:5-82
19-->[com.google.firebase:firebase-iid:21.0.1] AndroidManifest.xml:26:22-79
20
21    <application
21-->src\main\AndroidManifest.xml:3:4-40:19
22        android:name="androidx.multidex.MultiDexApplication"
23        android:appComponentFactory="androidx.core.app.CoreComponentFactory"
23-->[androidx.core:core:1.1.0] AndroidManifest.xml:24:18-86
24        android:debuggable="true"
25        android:icon="@mipmap/ic_launcher"
25-->src\main\AndroidManifest.xml:5:9-43
26        android:label="fluttercsk" >
26-->src\main\AndroidManifest.xml:4:9-35
27        <activity
27-->src\main\AndroidManifest.xml:6:9-34:20
28            android:name="com.company.fluttercsk.MainActivity"
28-->src\main\AndroidManifest.xml:7:13-41
29            android:configChanges="orientation|keyboardHidden|keyboard|screenSize|smallestScreenSize|locale|layoutDirection|fontScale|screenLayout|density|uiMode"
29-->src\main\AndroidManifest.xml:10:13-163
30            android:hardwareAccelerated="true"
30-->src\main\AndroidManifest.xml:11:13-47
31            android:launchMode="singleTop"
31-->src\main\AndroidManifest.xml:8:13-43
32            android:theme="@style/LaunchTheme"
32-->src\main\AndroidManifest.xml:9:13-47
33            android:windowSoftInputMode="adjustResize" >
33-->src\main\AndroidManifest.xml:12:13-55
34
35            <!--
36                 Specifies an Android theme to apply to this Activity as soon as
37                 the Android process has started. This theme is visible to the user
38                 while the Flutter UI initializes. After that, this theme continues
39                 to determine the Window background behind the Flutter UI.
40            -->
41            <meta-data
41-->src\main\AndroidManifest.xml:17:13-20:17
42                android:name="io.flutter.embedding.android.NormalTheme"
42-->src\main\AndroidManifest.xml:18:15-70
43                android:resource="@style/NormalTheme" />
43-->src\main\AndroidManifest.xml:19:15-52
44            <!--
45                 Displays an Android View that continues showing the launch screen
46                 Drawable until Flutter paints its first frame, then this splash
47                 screen fades out. A splash screen is useful to avoid any visual
48                 gap between the end of Android's launch screen and the painting of
49                 Flutter's first frame.
50            -->
51            <meta-data
51-->src\main\AndroidManifest.xml:26:13-29:17
52                android:name="io.flutter.embedding.android.SplashScreenDrawable"
52-->src\main\AndroidManifest.xml:27:15-79
53                android:resource="@drawable/launch_background" />
53-->src\main\AndroidManifest.xml:28:15-61
54
55            <intent-filter>
55-->src\main\AndroidManifest.xml:30:13-33:29
56                <action android:name="android.intent.action.MAIN" />
56-->src\main\AndroidManifest.xml:31:17-68
56-->src\main\AndroidManifest.xml:31:25-66
57
58                <category android:name="android.intent.category.LAUNCHER" />
58-->src\main\AndroidManifest.xml:32:17-76
58-->src\main\AndroidManifest.xml:32:27-74
59            </intent-filter>
60        </activity>
61        <!--
62             Don't delete the meta-data below.
63             This is used by the Flutter tool to generate GeneratedPluginRegistrant.java
64        -->
65        <meta-data
65-->src\main\AndroidManifest.xml:37:9-39:33
66            android:name="flutterEmbedding"
66-->src\main\AndroidManifest.xml:38:13-44
67            android:value="2" />
67-->src\main\AndroidManifest.xml:39:13-30
68
69        <service
69-->[:firebase_storage] AndroidManifest.xml:8:9-12:19
70            android:name="com.google.firebase.components.ComponentDiscoveryService"
70-->[:firebase_storage] AndroidManifest.xml:8:18-89
71            android:directBootAware="true"
71-->[com.google.firebase:firebase-common:19.5.0] AndroidManifest.xml:35:13-43
72            android:exported="false" >
72-->[com.google.firebase:firebase-messaging:21.0.1] AndroidManifest.xml:38:13-37
73            <meta-data
73-->[:firebase_storage] AndroidManifest.xml:9:13-11:85
74                android:name="com.google.firebase.components:io.flutter.plugins.firebase.storage.FlutterFirebaseAppRegistrar"
74-->[:firebase_storage] AndroidManifest.xml:10:17-126
75                android:value="com.google.firebase.components.ComponentRegistrar" />
75-->[:firebase_storage] AndroidManifest.xml:11:17-82
76            <meta-data
76-->[:firebase_messaging] AndroidManifest.xml:34:13-36:85
77                android:name="com.google.firebase.components:io.flutter.plugins.firebase.messaging.FlutterFirebaseAppRegistrar"
77-->[:firebase_messaging] AndroidManifest.xml:35:17-128
78                android:value="com.google.firebase.components.ComponentRegistrar" />
78-->[:firebase_messaging] AndroidManifest.xml:36:17-82
79            <meta-data
79-->[:cloud_firestore] AndroidManifest.xml:9:13-11:85
80                android:name="com.google.firebase.components:io.flutter.plugins.firebase.firestore.FlutterFirebaseFirestoreRegistrar"
80-->[:cloud_firestore] AndroidManifest.xml:10:17-134
81                android:value="com.google.firebase.components.ComponentRegistrar" />
81-->[:cloud_firestore] AndroidManifest.xml:11:17-82
82            <meta-data
82-->[:firebase_auth] AndroidManifest.xml:9:13-11:85
83                android:name="com.google.firebase.components:io.flutter.plugins.firebase.auth.FlutterFirebaseAuthRegistrar"
83-->[:firebase_auth] AndroidManifest.xml:10:17-124
84                android:value="com.google.firebase.components.ComponentRegistrar" />
84-->[:firebase_auth] AndroidManifest.xml:11:17-82
85            <meta-data
85-->[:firebase_core] AndroidManifest.xml:9:13-11:85
86                android:name="com.google.firebase.components:io.flutter.plugins.firebase.core.FlutterFirebaseCoreRegistrar"
86-->[:firebase_core] AndroidManifest.xml:10:17-124
87                android:value="com.google.firebase.components.ComponentRegistrar" />
87-->[:firebase_core] AndroidManifest.xml:11:17-82
88            <meta-data
88-->[com.google.firebase:firebase-messaging:21.0.1] AndroidManifest.xml:39:13-41:85
89                android:name="com.google.firebase.components:com.google.firebase.messaging.FirebaseMessagingRegistrar"
89-->[com.google.firebase:firebase-messaging:21.0.1] AndroidManifest.xml:40:17-119
90                android:value="com.google.firebase.components.ComponentRegistrar" />
90-->[com.google.firebase:firebase-messaging:21.0.1] AndroidManifest.xml:41:17-82
91            <meta-data
91-->[com.google.firebase:firebase-datatransport:17.0.10] AndroidManifest.xml:28:13-30:85
92                android:name="com.google.firebase.components:com.google.firebase.datatransport.TransportRegistrar"
92-->[com.google.firebase:firebase-datatransport:17.0.10] AndroidManifest.xml:29:17-115
93                android:value="com.google.firebase.components.ComponentRegistrar" />
93-->[com.google.firebase:firebase-datatransport:17.0.10] AndroidManifest.xml:30:17-82
94            <meta-data
94-->[com.google.firebase:firebase-auth:20.0.3] AndroidManifest.xml:77:13-79:85
95                android:name="com.google.firebase.components:com.google.firebase.auth.FirebaseAuthRegistrar"
95-->[com.google.firebase:firebase-auth:20.0.3] AndroidManifest.xml:78:17-109
96                android:value="com.google.firebase.components.ComponentRegistrar" />
96-->[com.google.firebase:firebase-auth:20.0.3] AndroidManifest.xml:79:17-82
97            <meta-data
97-->[com.google.firebase:firebase-iid:21.0.1] AndroidManifest.xml:32:13-34:85
98                android:name="com.google.firebase.components:com.google.firebase.iid.Registrar"
98-->[com.google.firebase:firebase-iid:21.0.1] AndroidManifest.xml:33:17-96
99                android:value="com.google.firebase.components.ComponentRegistrar" />
99-->[com.google.firebase:firebase-iid:21.0.1] AndroidManifest.xml:34:17-82
100            <meta-data
100-->[com.google.firebase:firebase-firestore:22.1.2] AndroidManifest.xml:20:13-22:85
101                android:name="com.google.firebase.components:com.google.firebase.firestore.FirestoreRegistrar"
101-->[com.google.firebase:firebase-firestore:22.1.2] AndroidManifest.xml:21:17-111
102                android:value="com.google.firebase.components.ComponentRegistrar" />
102-->[com.google.firebase:firebase-firestore:22.1.2] AndroidManifest.xml:22:17-82
103            <meta-data
103-->[com.google.firebase:firebase-storage:19.2.2] AndroidManifest.xml:33:13-35:85
104                android:name="com.google.firebase.components:com.google.firebase.storage.StorageRegistrar"
104-->[com.google.firebase:firebase-storage:19.2.2] AndroidManifest.xml:34:17-107
105                android:value="com.google.firebase.components.ComponentRegistrar" />
105-->[com.google.firebase:firebase-storage:19.2.2] AndroidManifest.xml:35:17-82
106            <meta-data
106-->[com.google.firebase:firebase-installations:16.3.5] AndroidManifest.xml:18:13-20:85
107                android:name="com.google.firebase.components:com.google.firebase.installations.FirebaseInstallationsRegistrar"
107-->[com.google.firebase:firebase-installations:16.3.5] AndroidManifest.xml:19:17-127
108                android:value="com.google.firebase.components.ComponentRegistrar" />
108-->[com.google.firebase:firebase-installations:16.3.5] AndroidManifest.xml:20:17-82
109            <!--
110                This registrar is not defined in the dynamic-module-support sdk itself to allow non-firebase
111                clients to use it as well, by defining this registrar in their own core/common library.
112            -->
113            <meta-data
113-->[com.google.firebase:firebase-common:19.5.0] AndroidManifest.xml:43:13-45:85
114                android:name="com.google.firebase.components:com.google.firebase.dynamicloading.DynamicLoadingRegistrar"
114-->[com.google.firebase:firebase-common:19.5.0] AndroidManifest.xml:44:17-121
115                android:value="com.google.firebase.components.ComponentRegistrar" />
115-->[com.google.firebase:firebase-common:19.5.0] AndroidManifest.xml:45:17-82
116        </service>
117
118        <provider
118-->[:image_picker] AndroidManifest.xml:11:9-19:20
119            android:name="io.flutter.plugins.imagepicker.ImagePickerFileProvider"
119-->[:image_picker] AndroidManifest.xml:12:13-82
120            android:authorities="com.company.Weebnet.flutter.image_provider"
120-->[:image_picker] AndroidManifest.xml:13:13-74
121            android:exported="false"
121-->[:image_picker] AndroidManifest.xml:14:13-37
122            android:grantUriPermissions="true" >
122-->[:image_picker] AndroidManifest.xml:15:13-47
123            <meta-data
123-->[:image_picker] AndroidManifest.xml:16:13-18:75
124                android:name="android.support.FILE_PROVIDER_PATHS"
124-->[:image_picker] AndroidManifest.xml:17:17-67
125                android:resource="@xml/flutter_image_picker_file_paths" />
125-->[:image_picker] AndroidManifest.xml:18:17-72
126        </provider>
127
128        <service
128-->[:firebase_messaging] AndroidManifest.xml:12:9-15:72
129            android:name="io.flutter.plugins.firebase.messaging.FlutterFirebaseMessagingBackgroundService"
129-->[:firebase_messaging] AndroidManifest.xml:13:13-107
130            android:exported="false"
130-->[:firebase_messaging] AndroidManifest.xml:14:13-37
131            android:permission="android.permission.BIND_JOB_SERVICE" />
131-->[:firebase_messaging] AndroidManifest.xml:15:13-69
132        <service
132-->[:firebase_messaging] AndroidManifest.xml:16:9-22:19
133            android:name="io.flutter.plugins.firebase.messaging.FlutterFirebaseMessagingService"
133-->[:firebase_messaging] AndroidManifest.xml:17:13-97
134            android:exported="false" >
134-->[:firebase_messaging] AndroidManifest.xml:18:13-37
135            <intent-filter>
135-->[:firebase_messaging] AndroidManifest.xml:19:13-21:29
136                <action android:name="com.google.firebase.MESSAGING_EVENT" />
136-->[:firebase_messaging] AndroidManifest.xml:20:17-78
136-->[:firebase_messaging] AndroidManifest.xml:20:25-75
137            </intent-filter>
138        </service>
139
140        <receiver
140-->[:firebase_messaging] AndroidManifest.xml:24:9-31:20
141            android:name="io.flutter.plugins.firebase.messaging.FlutterFirebaseMessagingReceiver"
141-->[:firebase_messaging] AndroidManifest.xml:25:13-98
142            android:exported="true"
142-->[:firebase_messaging] AndroidManifest.xml:26:13-36
143            android:permission="com.google.android.c2dm.permission.SEND" >
143-->[:firebase_messaging] AndroidManifest.xml:27:13-73
144            <intent-filter>
144-->[:firebase_messaging] AndroidManifest.xml:28:13-30:29
145                <action android:name="com.google.android.c2dm.intent.RECEIVE" />
145-->[:firebase_messaging] AndroidManifest.xml:29:17-81
145-->[:firebase_messaging] AndroidManifest.xml:29:25-78
146            </intent-filter>
147        </receiver>
148
149        <provider
149-->[:firebase_messaging] AndroidManifest.xml:39:9-43:38
150            android:name="io.flutter.plugins.firebase.messaging.FlutterFirebaseMessagingInitProvider"
150-->[:firebase_messaging] AndroidManifest.xml:40:13-102
151            android:authorities="com.company.Weebnet.flutterfirebasemessaginginitprovider"
151-->[:firebase_messaging] AndroidManifest.xml:41:13-88
152            android:exported="false"
152-->[:firebase_messaging] AndroidManifest.xml:42:13-37
153            android:initOrder="99" />
153-->[:firebase_messaging] AndroidManifest.xml:43:13-35
154        <!--
155             FirebaseMessagingService performs security checks at runtime,
156             but set to not exported to explicitly avoid allowing another app to call it.
157        -->
158        <service
158-->[com.google.firebase:firebase-messaging:21.0.1] AndroidManifest.xml:28:9-35:19
159            android:name="com.google.firebase.messaging.FirebaseMessagingService"
159-->[com.google.firebase:firebase-messaging:21.0.1] AndroidManifest.xml:29:13-82
160            android:directBootAware="true"
160-->[com.google.firebase:firebase-messaging:21.0.1] AndroidManifest.xml:30:13-43
161            android:exported="false" >
161-->[com.google.firebase:firebase-messaging:21.0.1] AndroidManifest.xml:31:13-37
162            <intent-filter android:priority="-500" >
162-->[:firebase_messaging] AndroidManifest.xml:19:13-21:29
163                <action android:name="com.google.firebase.MESSAGING_EVENT" />
163-->[:firebase_messaging] AndroidManifest.xml:20:17-78
163-->[:firebase_messaging] AndroidManifest.xml:20:25-75
164            </intent-filter>
165        </service>
166        <service
166-->[com.google.android.datatransport:transport-backend-cct:2.3.3] AndroidManifest.xml:29:9-35:19
167            android:name="com.google.android.datatransport.runtime.backends.TransportBackendDiscovery"
167-->[com.google.android.datatransport:transport-backend-cct:2.3.3] AndroidManifest.xml:30:13-103
168            android:exported="false" >
168-->[com.google.android.datatransport:transport-backend-cct:2.3.3] AndroidManifest.xml:31:13-37
169            <meta-data
169-->[com.google.android.datatransport:transport-backend-cct:2.3.3] AndroidManifest.xml:32:13-34:39
170                android:name="backend:com.google.android.datatransport.cct.CctBackendFactory"
170-->[com.google.android.datatransport:transport-backend-cct:2.3.3] AndroidManifest.xml:33:17-94
171                android:value="cct" />
171-->[com.google.android.datatransport:transport-backend-cct:2.3.3] AndroidManifest.xml:34:17-36
172        </service>
173
174        <activity
174-->[com.google.firebase:firebase-auth:20.0.3] AndroidManifest.xml:27:9-44:20
175            android:name="com.google.firebase.auth.internal.GenericIdpActivity"
175-->[com.google.firebase:firebase-auth:20.0.3] AndroidManifest.xml:28:13-80
176            android:excludeFromRecents="true"
176-->[com.google.firebase:firebase-auth:20.0.3] AndroidManifest.xml:29:13-46
177            android:exported="true"
177-->[com.google.firebase:firebase-auth:20.0.3] AndroidManifest.xml:30:13-36
178            android:launchMode="singleTask"
178-->[com.google.firebase:firebase-auth:20.0.3] AndroidManifest.xml:31:13-44
179            android:theme="@android:style/Theme.Translucent.NoTitleBar" >
179-->[com.google.firebase:firebase-auth:20.0.3] AndroidManifest.xml:32:13-72
180            <intent-filter>
180-->[com.google.firebase:firebase-auth:20.0.3] AndroidManifest.xml:33:13-43:29
181                <action android:name="android.intent.action.VIEW" />
181-->[com.google.firebase:firebase-auth:20.0.3] AndroidManifest.xml:34:17-69
181-->[com.google.firebase:firebase-auth:20.0.3] AndroidManifest.xml:34:25-66
182
183                <category android:name="android.intent.category.DEFAULT" />
183-->[com.google.firebase:firebase-auth:20.0.3] AndroidManifest.xml:36:17-76
183-->[com.google.firebase:firebase-auth:20.0.3] AndroidManifest.xml:36:27-73
184                <category android:name="android.intent.category.BROWSABLE" />
184-->[com.google.firebase:firebase-auth:20.0.3] AndroidManifest.xml:37:17-78
184-->[com.google.firebase:firebase-auth:20.0.3] AndroidManifest.xml:37:27-75
185
186                <data
186-->[com.google.firebase:firebase-auth:20.0.3] AndroidManifest.xml:39:17-42:51
187                    android:host="firebase.auth"
187-->[com.google.firebase:firebase-auth:20.0.3] AndroidManifest.xml:40:21-49
188                    android:path="/"
188-->[com.google.firebase:firebase-auth:20.0.3] AndroidManifest.xml:41:21-37
189                    android:scheme="genericidp" />
189-->[com.google.firebase:firebase-auth:20.0.3] AndroidManifest.xml:42:21-48
190            </intent-filter>
191        </activity>
192        <activity
192-->[com.google.firebase:firebase-auth:20.0.3] AndroidManifest.xml:45:9-62:20
193            android:name="com.google.firebase.auth.internal.RecaptchaActivity"
193-->[com.google.firebase:firebase-auth:20.0.3] AndroidManifest.xml:46:13-79
194            android:excludeFromRecents="true"
194-->[com.google.firebase:firebase-auth:20.0.3] AndroidManifest.xml:47:13-46
195            android:exported="true"
195-->[com.google.firebase:firebase-auth:20.0.3] AndroidManifest.xml:48:13-36
196            android:launchMode="singleTask"
196-->[com.google.firebase:firebase-auth:20.0.3] AndroidManifest.xml:49:13-44
197            android:theme="@android:style/Theme.Translucent.NoTitleBar" >
197-->[com.google.firebase:firebase-auth:20.0.3] AndroidManifest.xml:50:13-72
198            <intent-filter>
198-->[com.google.firebase:firebase-auth:20.0.3] AndroidManifest.xml:51:13-61:29
199                <action android:name="android.intent.action.VIEW" />
199-->[com.google.firebase:firebase-auth:20.0.3] AndroidManifest.xml:34:17-69
199-->[com.google.firebase:firebase-auth:20.0.3] AndroidManifest.xml:34:25-66
200
201                <category android:name="android.intent.category.DEFAULT" />
201-->[com.google.firebase:firebase-auth:20.0.3] AndroidManifest.xml:36:17-76
201-->[com.google.firebase:firebase-auth:20.0.3] AndroidManifest.xml:36:27-73
202                <category android:name="android.intent.category.BROWSABLE" />
202-->[com.google.firebase:firebase-auth:20.0.3] AndroidManifest.xml:37:17-78
202-->[com.google.firebase:firebase-auth:20.0.3] AndroidManifest.xml:37:27-75
203
204                <data
204-->[com.google.firebase:firebase-auth:20.0.3] AndroidManifest.xml:39:17-42:51
205                    android:host="firebase.auth"
205-->[com.google.firebase:firebase-auth:20.0.3] AndroidManifest.xml:40:21-49
206                    android:path="/"
206-->[com.google.firebase:firebase-auth:20.0.3] AndroidManifest.xml:41:21-37
207                    android:scheme="recaptcha" />
207-->[com.google.firebase:firebase-auth:20.0.3] AndroidManifest.xml:42:21-48
208            </intent-filter>
209        </activity>
210
211        <service
211-->[com.google.firebase:firebase-auth:20.0.3] AndroidManifest.xml:64:9-73:19
212            android:name="com.google.firebase.auth.api.fallback.service.FirebaseAuthFallbackService"
212-->[com.google.firebase:firebase-auth:20.0.3] AndroidManifest.xml:65:13-101
213            android:enabled="true"
213-->[com.google.firebase:firebase-auth:20.0.3] AndroidManifest.xml:66:13-35
214            android:exported="false" >
214-->[com.google.firebase:firebase-auth:20.0.3] AndroidManifest.xml:67:13-37
215            <intent-filter>
215-->[com.google.firebase:firebase-auth:20.0.3] AndroidManifest.xml:68:13-72:29
216                <action android:name="com.google.firebase.auth.api.gms.service.START" />
216-->[com.google.firebase:firebase-auth:20.0.3] AndroidManifest.xml:69:17-89
216-->[com.google.firebase:firebase-auth:20.0.3] AndroidManifest.xml:69:25-86
217
218                <category android:name="android.intent.category.DEFAULT" />
218-->[com.google.firebase:firebase-auth:20.0.3] AndroidManifest.xml:36:17-76
218-->[com.google.firebase:firebase-auth:20.0.3] AndroidManifest.xml:36:27-73
219            </intent-filter>
220        </service>
221
222        <receiver
222-->[com.google.firebase:firebase-iid:21.0.1] AndroidManifest.xml:37:9-44:20
223            android:name="com.google.firebase.iid.FirebaseInstanceIdReceiver"
223-->[com.google.firebase:firebase-iid:21.0.1] AndroidManifest.xml:38:13-78
224            android:exported="true"
224-->[com.google.firebase:firebase-iid:21.0.1] AndroidManifest.xml:39:13-36
225            android:permission="com.google.android.c2dm.permission.SEND" >
225-->[com.google.firebase:firebase-iid:21.0.1] AndroidManifest.xml:40:13-73
226            <intent-filter>
226-->[:firebase_messaging] AndroidManifest.xml:28:13-30:29
227                <action android:name="com.google.android.c2dm.intent.RECEIVE" />
227-->[:firebase_messaging] AndroidManifest.xml:29:17-81
227-->[:firebase_messaging] AndroidManifest.xml:29:25-78
228            </intent-filter>
229        </receiver>
230
231        <provider
231-->[com.google.firebase:firebase-common:19.5.0] AndroidManifest.xml:26:9-31:39
232            android:name="com.google.firebase.provider.FirebaseInitProvider"
232-->[com.google.firebase:firebase-common:19.5.0] AndroidManifest.xml:27:13-77
233            android:authorities="com.company.Weebnet.firebaseinitprovider"
233-->[com.google.firebase:firebase-common:19.5.0] AndroidManifest.xml:28:13-72
234            android:directBootAware="true"
234-->[com.google.firebase:firebase-common:19.5.0] AndroidManifest.xml:29:13-43
235            android:exported="false"
235-->[com.google.firebase:firebase-common:19.5.0] AndroidManifest.xml:30:13-37
236            android:initOrder="100" />
236-->[com.google.firebase:firebase-common:19.5.0] AndroidManifest.xml:31:13-36
237
238        <activity
238-->[com.google.android.gms:play-services-auth:16.0.1] AndroidManifest.xml:23:9-27:75
239            android:name="com.google.android.gms.auth.api.signin.internal.SignInHubActivity"
239-->[com.google.android.gms:play-services-auth:16.0.1] AndroidManifest.xml:24:13-93
240            android:excludeFromRecents="true"
240-->[com.google.android.gms:play-services-auth:16.0.1] AndroidManifest.xml:25:13-46
241            android:exported="false"
241-->[com.google.android.gms:play-services-auth:16.0.1] AndroidManifest.xml:26:13-37
242            android:theme="@android:style/Theme.Translucent.NoTitleBar" />
242-->[com.google.android.gms:play-services-auth:16.0.1] AndroidManifest.xml:27:13-72
243        <!--
244            Service handling Google Sign-In user revocation. For apps that do not integrate with
245            Google Sign-In, this service will never be started.
246        -->
247        <service
247-->[com.google.android.gms:play-services-auth:16.0.1] AndroidManifest.xml:33:9-36:110
248            android:name="com.google.android.gms.auth.api.signin.RevocationBoundService"
248-->[com.google.android.gms:play-services-auth:16.0.1] AndroidManifest.xml:34:13-89
249            android:exported="true"
249-->[com.google.android.gms:play-services-auth:16.0.1] AndroidManifest.xml:35:13-36
250            android:permission="com.google.android.gms.auth.api.signin.permission.REVOCATION_NOTIFICATION" />
250-->[com.google.android.gms:play-services-auth:16.0.1] AndroidManifest.xml:36:13-107
251
252        <activity
252-->[com.google.android.gms:play-services-base:17.1.0] AndroidManifest.xml:23:9-26:75
253            android:name="com.google.android.gms.common.api.GoogleApiActivity"
253-->[com.google.android.gms:play-services-base:17.1.0] AndroidManifest.xml:24:13-79
254            android:exported="false"
254-->[com.google.android.gms:play-services-base:17.1.0] AndroidManifest.xml:25:13-37
255            android:theme="@android:style/Theme.Translucent.NoTitleBar" />
255-->[com.google.android.gms:play-services-base:17.1.0] AndroidManifest.xml:26:13-72
256
257        <meta-data
257-->[com.google.android.gms:play-services-basement:17.1.0] AndroidManifest.xml:23:9-25:69
258            android:name="com.google.android.gms.version"
258-->[com.google.android.gms:play-services-basement:17.1.0] AndroidManifest.xml:24:13-58
259            android:value="@integer/google_play_services_version" />
259-->[com.google.android.gms:play-services-basement:17.1.0] AndroidManifest.xml:25:13-66
260
261        <service
261-->[com.google.android.datatransport:transport-runtime:2.2.5] AndroidManifest.xml:26:9-30:19
262            android:name="com.google.android.datatransport.runtime.scheduling.jobscheduling.JobInfoSchedulerService"
262-->[com.google.android.datatransport:transport-runtime:2.2.5] AndroidManifest.xml:27:13-117
263            android:exported="false"
263-->[com.google.android.datatransport:transport-runtime:2.2.5] AndroidManifest.xml:28:13-37
264            android:permission="android.permission.BIND_JOB_SERVICE" >
264-->[com.google.android.datatransport:transport-runtime:2.2.5] AndroidManifest.xml:29:13-69
265        </service>
266
267        <receiver
267-->[com.google.android.datatransport:transport-runtime:2.2.5] AndroidManifest.xml:32:9-34:40
268            android:name="com.google.android.datatransport.runtime.scheduling.jobscheduling.AlarmManagerSchedulerBroadcastReceiver"
268-->[com.google.android.datatransport:transport-runtime:2.2.5] AndroidManifest.xml:33:13-132
269            android:exported="false" />
269-->[com.google.android.datatransport:transport-runtime:2.2.5] AndroidManifest.xml:34:13-37
270    </application>
271
272</manifest>